{"level":"info","message":"🚀 Логгер инициализирован.","timestamp":"2025-03-05T02:24:50.620Z"}
{"level":"warn","message":"⚠️ Это предупреждение!","timestamp":"2025-03-05T02:24:50.628Z"}
{"level":"error","message":"❌ Ошибка!","timestamp":"2025-03-05T02:24:50.628Z"}
{"level":"debug","message":"🐞 Отладочное сообщение.","timestamp":"2025-03-05T02:24:50.629Z"}
{"level":"info","message":"🚀 Логгер инициализирован.","timestamp":"2025-03-05T02:25:05.815Z"}
{"level":"warn","message":"⚠️ Это предупреждение!","timestamp":"2025-03-05T02:25:05.818Z"}
{"level":"error","message":"❌ Ошибка!","timestamp":"2025-03-05T02:25:05.818Z"}
{"level":"debug","message":"🐞 Отладочное сообщение.","timestamp":"2025-03-05T02:25:05.818Z"}
{"level":"info","message":"🚀 Логгер инициализирован.","timestamp":"2025-03-05T02:25:43.455Z"}
{"level":"warn","message":"⚠️ Это предупреждение!","timestamp":"2025-03-05T02:25:43.458Z"}
{"level":"error","message":"❌ Ошибка!","timestamp":"2025-03-05T02:25:43.458Z"}
{"level":"debug","message":"🐞 Отладочное сообщение.","timestamp":"2025-03-05T02:25:43.458Z"}
{"level":"info","message":"⏳ Платёж 2f59c8ae-000f-5000-b000-1d10ce26ac0b в обработке.","timestamp":"2025-03-05T02:26:01.815Z"}
{"amount":8505,"birthDate":"14-03-2025","childName":"Беляев Максим Олегович","email":"olga1991@mail.ru","level":"info","message":"🚀 Получен запрос на создание платежа","parentName":"Беляева Ольга Дмитриевна","phone":"+7 (900) 000-00-00","productId":"663346397952","snils":"345-345-454 54","timestamp":"2025-03-05T02:26:52.784Z"}
{"level":"info","message":"🔍 Запрос к Tilda API для получения данных товара 663346397952","timestamp":"2025-03-05T02:26:52.786Z"}
{"characteristics":[{"title":"DOL","value":"Услуги по отдыху и оздоровлению в ДООЦ \"Город детства\""},{"title":"price","value":"1216.00"},{"title":"quantity","value":"7"},{"title":"truCode","value":"559019000.020000001"}],"descr":"Детский оздоровительный лагерь 7 дней С использованием сертификата на отдых и оздоровление детей","editions":[{"img":"https://static.tildacdn.com/tild3732-3165-4033-a665-343963386336/2.png","price":"8505.0000","priceold":"","quantity":"","sku":"","uid":663346397952}],"externalid":"ljaeAZYDaiLOdpVfITC3","gallery":"[{\"img\":\"https:\\/\\/static.tildacdn.com\\/tild3732-3165-4033-a665-343963386336\\/2.png\"}]","json_chars":"[{\"title\": \"DOL\", \"value\": \"Услуги по отдыху и оздоровлению в ДООЦ \\\"Город детства\\\"\"}, {\"title\": \"price\", \"value\": \"1216.00\"}, {\"title\": \"quantity\", \"value\": \"7\"}, {\"title\": \"truCode\", \"value\": \"559019000.020000001\"}]","level":"info","mark":"СЕРТИФИКАТ","message":"📦 Данные товара получены:","newsort":0,"pack_label":"lwh","pack_m":0,"pack_x":0,"pack_y":0,"pack_z":0,"parentuid":"","portion":0,"price":"8505.0000","rootpartid":20567890,"sort":1005610,"timestamp":"2025-03-05T02:26:53.891Z","title":"Оплата путёвки на смену с 15 марта 2025 по 21 марта 2025 в ДООЦ «Город детства»","uid":663346397952}
{"level":"info","message":"🔢 Извлечение характеристик товара...","timestamp":"2025-03-05T02:26:53.892Z"}
{"articleName":"Услуги по отдыху и оздоровлению в ДООЦ \"Город детства\"","level":"info","message":"✅ Характеристики товара:","priceStr":"1216.00","quantityStr":"7","timestamp":"2025-03-05T02:26:53.892Z"}
{"level":"info","message":"💰 Итоговая сумма платежа:","timestamp":"2025-03-05T02:26:53.892Z"}
{"level":"info","message":"🛠 truCode перед отправкой в YooKassa:","timestamp":"2025-03-05T02:26:53.892Z","truCode":"559019000.02000000100000000000"}
{"birthDate":"14-03-2025","childName":"Беляев Максим Олегович","email":"olga1991@mail.ru","level":"info","message":"📜 Данные клиента:","parentName":"Беляева Ольга Дмитриевна","phone":"+7 (900) 000-00-00","snils":"345-345-454 54","timestamp":"2025-03-05T02:26:53.893Z"}
{"0":{"article_code":"663346397952","article_name":"Услуги по отдыху и оздоровлению в ДООЦ \"Город детства\"","article_number":1,"price":{"currency":"RUB","value":"1216.00"},"quantity":7,"tru_code":"559019000.02000000100000000000"},"level":"info","message":"📜 Сформированы articles для платежа:","timestamp":"2025-03-05T02:26:53.894Z"}
{"level":"info","message":"📤 Отправка запроса на оплату в YooKassa...","timestamp":"2025-03-05T02:26:53.894Z"}
{"level":"info","message":"✅ Платёж успешно создан. Ссылка: https://yoomoney.ru/checkout/payments/v2/contract/electronic-certificate?orderId=2f59ca2f-000f-5000-b000-1bc105c05638","timestamp":"2025-03-05T02:26:55.612Z"}
{"level":"info","message":"⏳ Платёж 2f59c8ae-000f-5000-b000-1d10ce26ac0b в обработке.","timestamp":"2025-03-05T02:27:01.398Z"}
{"level":"info","message":"⏳ Платёж 2f59ca2f-000f-5000-b000-1bc105c05638 в обработке.","timestamp":"2025-03-05T02:27:01.400Z"}
{"level":"info","message":"⏳ Платёж 2f59c8ae-000f-5000-b000-1d10ce26ac0b в обработке.","timestamp":"2025-03-05T02:28:01.641Z"}
{"level":"info","message":"⏳ Платёж 2f59ca2f-000f-5000-b000-1bc105c05638 в обработке.","timestamp":"2025-03-05T02:28:01.642Z"}
{"level":"info","message":"🚀 Логгер инициализирован.","timestamp":"2025-03-05T02:28:44.094Z"}
{"level":"warn","message":"⚠️ Это предупреждение!","timestamp":"2025-03-05T02:28:44.099Z"}
{"level":"error","message":"❌ Ошибка!","timestamp":"2025-03-05T02:28:44.099Z"}
{"level":"debug","message":"🐞 Отладочное сообщение.","timestamp":"2025-03-05T02:28:44.099Z"}
{"level":"info","message":"⏳ Платёж 2f59c8ae-000f-5000-b000-1d10ce26ac0b в обработке.","timestamp":"2025-03-05T02:29:01.623Z"}
{"level":"info","message":"⏳ Платёж 2f59ca2f-000f-5000-b000-1bc105c05638 в обработке.","timestamp":"2025-03-05T02:29:01.624Z"}
{"level":"info","message":"🚀 Логгер инициализирован.","timestamp":"2025-03-05T02:29:26.523Z"}
{"level":"warn","message":"⚠️ Это предупреждение!","timestamp":"2025-03-05T02:29:26.526Z"}
{"level":"error","message":"❌ Ошибка!","timestamp":"2025-03-05T02:29:26.526Z"}
{"level":"debug","message":"🐞 Отладочное сообщение.","timestamp":"2025-03-05T02:29:26.526Z"}
{"level":"info","message":"⏳ Платёж 2f59c8ae-000f-5000-b000-1d10ce26ac0b в обработке.","timestamp":"2025-03-05T02:30:01.662Z"}
{"level":"info","message":"⏳ Платёж 2f59ca2f-000f-5000-b000-1bc105c05638 в обработке.","timestamp":"2025-03-05T02:30:01.666Z"}
{"level":"info","message":"⏳ Платёж 2f59c8ae-000f-5000-b000-1d10ce26ac0b в обработке.","timestamp":"2025-03-05T02:31:01.558Z"}
{"level":"info","message":"⏳ Платёж 2f59ca2f-000f-5000-b000-1bc105c05638 в обработке.","timestamp":"2025-03-05T02:31:01.559Z"}
{"level":"info","message":"⏳ Платёж 2f59c8ae-000f-5000-b000-1d10ce26ac0b в обработке.","timestamp":"2025-03-05T02:32:01.600Z"}
{"level":"info","message":"⏳ Платёж 2f59ca2f-000f-5000-b000-1bc105c05638 в обработке.","timestamp":"2025-03-05T02:32:01.602Z"}
{"level":"info","message":"⏳ Платёж 2f59c8ae-000f-5000-b000-1d10ce26ac0b в обработке.","timestamp":"2025-03-05T02:33:01.576Z"}
{"level":"info","message":"⏳ Платёж 2f59ca2f-000f-5000-b000-1bc105c05638 в обработке.","timestamp":"2025-03-05T02:33:01.582Z"}
{"level":"info","message":"🔄 Загружено 2 платежей из БД.","timestamp":"2025-03-05T02:33:23.619Z"}
{"level":"info","message":"⏳ Планировщик проверки платежей запущен (интервал: 1 мин).","timestamp":"2025-03-05T02:33:23.660Z"}
{"level":"info","message":"🔄 Началась проверка незавершённых платежей...","timestamp":"2025-03-05T02:34:00.079Z"}
{"level":"info","message":"🔍 Найдено 2 платежей на проверку.","timestamp":"2025-03-05T02:34:00.080Z"}
{"level":"info","message":"⏳ Платёж 2f59c8ae-000f-5000-b000-1d10ce26ac0b всё ещё в обработке.","timestamp":"2025-03-05T02:34:01.637Z"}
{"level":"info","message":"⏳ Платёж 2f59ca2f-000f-5000-b000-1bc105c05638 всё ещё в обработке.","timestamp":"2025-03-05T02:34:01.638Z"}
{"level":"info","message":"✅ Проверка платежей завершена.","timestamp":"2025-03-05T02:34:01.638Z"}
{"level":"info","message":"🔄 Началась проверка незавершённых платежей...","timestamp":"2025-03-05T02:35:00.041Z"}
{"level":"info","message":"🔍 Найдено 2 платежей на проверку.","timestamp":"2025-03-05T02:35:00.042Z"}
{"level":"info","message":"⏳ Платёж 2f59c8ae-000f-5000-b000-1d10ce26ac0b всё ещё в обработке.","timestamp":"2025-03-05T02:35:01.818Z"}
{"level":"info","message":"⏳ Платёж 2f59ca2f-000f-5000-b000-1bc105c05638 всё ещё в обработке.","timestamp":"2025-03-05T02:35:01.819Z"}
{"level":"info","message":"✅ Проверка платежей завершена.","timestamp":"2025-03-05T02:35:01.819Z"}
{"level":"info","message":"🔄 Началась проверка незавершённых платежей...","timestamp":"2025-03-05T02:36:00.068Z"}
{"level":"info","message":"🔍 Найдено 2 платежей на проверку.","timestamp":"2025-03-05T02:36:00.077Z"}
{"level":"info","message":"⏳ Платёж 2f59c8ae-000f-5000-b000-1d10ce26ac0b всё ещё в обработке.","timestamp":"2025-03-05T02:36:01.627Z"}
{"level":"info","message":"⏳ Платёж 2f59ca2f-000f-5000-b000-1bc105c05638 всё ещё в обработке.","timestamp":"2025-03-05T02:36:01.628Z"}
{"level":"info","message":"✅ Проверка платежей завершена.","timestamp":"2025-03-05T02:36:01.628Z"}
{"level":"info","message":"🔄 Началась проверка незавершённых платежей...","timestamp":"2025-03-05T02:37:00.054Z"}
{"level":"info","message":"🔍 Найдено 2 платежей на проверку.","timestamp":"2025-03-05T02:37:00.055Z"}
{"level":"info","message":"⏳ Платёж 2f59c8ae-000f-5000-b000-1d10ce26ac0b всё ещё в обработке.","timestamp":"2025-03-05T02:37:01.579Z"}
{"level":"info","message":"⏳ Платёж 2f59ca2f-000f-5000-b000-1bc105c05638 всё ещё в обработке.","timestamp":"2025-03-05T02:37:01.580Z"}
{"level":"info","message":"✅ Проверка платежей завершена.","timestamp":"2025-03-05T02:37:01.580Z"}
{"level":"info","message":"🔄 Загружено 2 платежей из БД.","timestamp":"2025-03-05T02:37:10.589Z"}
{"level":"info","message":"⏳ Планировщик проверки платежей запущен (интервал: 1 мин).","timestamp":"2025-03-05T02:37:10.630Z"}
{"level":"info","message":"🔄 Началась проверка незавершённых платежей...","timestamp":"2025-03-05T02:38:00.088Z"}
{"level":"info","message":"🔍 Найдено 2 платежей на проверку.","timestamp":"2025-03-05T02:38:00.090Z"}
{"level":"info","message":"⏳ Платёж 2f59c8ae-000f-5000-b000-1d10ce26ac0b всё ещё в обработке.","timestamp":"2025-03-05T02:38:01.688Z"}
{"level":"info","message":"⏳ Платёж 2f59ca2f-000f-5000-b000-1bc105c05638 всё ещё в обработке.","timestamp":"2025-03-05T02:38:01.688Z"}
{"level":"info","message":"✅ Проверка платежей завершена.","timestamp":"2025-03-05T02:38:01.689Z"}
{"level":"info","message":"🔄 Загружено 2 платежей из БД.","timestamp":"2025-03-05T02:38:34.368Z"}
{"level":"info","message":"⏳ Планировщик проверки платежей запущен (интервал: 1 мин).","timestamp":"2025-03-05T02:38:34.417Z"}
{"level":"info","message":"⚡️[server]: Server is running at http://localhost:3000","timestamp":"2025-03-05T02:38:34.447Z"}
{"level":"info","message":"🔄 Загружено 2 платежей из БД.","timestamp":"2025-03-05T02:38:52.010Z"}
{"level":"info","message":"⏳ Планировщик проверки платежей запущен (интервал: 1 мин).","timestamp":"2025-03-05T02:38:52.030Z"}
{"level":"info","message":"⚡️[server]: Server is running at http://localhost:3000","timestamp":"2025-03-05T02:38:52.076Z"}
{"level":"info","message":"🔄 Началась проверка незавершённых платежей...","timestamp":"2025-03-05T02:39:00.017Z"}
{"level":"info","message":"🔍 Найдено 2 платежей на проверку.","timestamp":"2025-03-05T02:39:00.018Z"}
{"level":"info","message":"⏳ Платёж 2f59c8ae-000f-5000-b000-1d10ce26ac0b всё ещё в обработке.","timestamp":"2025-03-05T02:39:01.568Z"}
{"level":"info","message":"⏳ Платёж 2f59ca2f-000f-5000-b000-1bc105c05638 всё ещё в обработке.","timestamp":"2025-03-05T02:39:01.568Z"}
{"level":"info","message":"✅ Проверка платежей завершена.","timestamp":"2025-03-05T02:39:01.569Z"}
{"level":"info","message":"🔄 Загружено 2 платежей из БД.","timestamp":"2025-03-05T02:39:13.491Z"}
{"level":"info","message":"⏳ Планировщик проверки платежей запущен (интервал: 1 мин).","timestamp":"2025-03-05T02:39:13.508Z"}
{"level":"info","message":"⚡️[server]: Server is running at http://localhost:3000","timestamp":"2025-03-05T02:39:13.544Z"}
{"level":"info","message":"🔄 Загружено 2 платежей из БД.","timestamp":"2025-03-05T02:39:36.259Z"}
{"level":"info","message":"⏳ Планировщик проверки платежей запущен (интервал: 1 мин).","timestamp":"2025-03-05T02:39:36.277Z"}
{"level":"info","message":"⚡️[server]: Server is running at http://localhost:3000","timestamp":"2025-03-05T02:39:36.305Z"}
{"level":"info","message":"🔄 Началась проверка незавершённых платежей...","timestamp":"2025-03-05T02:40:00.072Z"}
{"level":"info","message":"🔍 Найдено 2 платежей на проверку.","timestamp":"2025-03-05T02:40:00.073Z"}
{"level":"info","message":"⏳ Платёж 2f59c8ae-000f-5000-b000-1d10ce26ac0b всё ещё в обработке.","timestamp":"2025-03-05T02:40:01.698Z"}
{"level":"info","message":"⏳ Платёж 2f59ca2f-000f-5000-b000-1bc105c05638 всё ещё в обработке.","timestamp":"2025-03-05T02:40:01.699Z"}
{"level":"info","message":"✅ Проверка платежей завершена.","timestamp":"2025-03-05T02:40:01.700Z"}
{"level":"info","message":"🔄 Началась проверка незавершённых платежей...","timestamp":"2025-03-05T02:41:00.020Z"}
{"level":"info","message":"🔍 Найдено 2 платежей на проверку.","timestamp":"2025-03-05T02:41:00.023Z"}
{"level":"info","message":"🔄 Загружено 2 платежей из БД.","timestamp":"2025-03-05T02:41:05.067Z"}
{"level":"info","message":"⏳ Планировщик проверки платежей запущен (интервал: 1 мин).","timestamp":"2025-03-05T02:41:05.105Z"}
{"level":"info","message":"⚡️[server]: Server is running at http://localhost:3000","timestamp":"2025-03-05T02:41:05.133Z"}
{"level":"info","message":"🔄 Загружено 2 платежей из БД.","timestamp":"2025-03-05T02:41:26.783Z"}
{"level":"info","message":"⏳ Планировщик проверки платежей запущен (интервал: 1 мин).","timestamp":"2025-03-05T02:41:26.799Z"}
{"level":"info","message":"⚡️[server]: Server is running at http://localhost:3000","timestamp":"2025-03-05T02:41:26.830Z"}
{"level":"info","message":"🔄 Началась проверка незавершённых платежей...","timestamp":"2025-03-05T02:42:00.011Z"}
{"level":"info","message":"🔍 Найдено 2 платежей на проверку.","timestamp":"2025-03-05T02:42:00.013Z"}
{"level":"error","message":"⚠️ Неизвестный статус платежа 2f59c8ae-000f-5000-b000-1d10ce26ac0b: error","timestamp":"2025-03-05T02:42:01.724Z"}
{"level":"error","message":"⚠️ Неизвестный статус платежа 2f59ca2f-000f-5000-b000-1bc105c05638: error","timestamp":"2025-03-05T02:42:01.724Z"}
{"level":"info","message":"✅ Проверка платежей завершена.","timestamp":"2025-03-05T02:42:01.725Z"}
{"level":"info","message":"🔄 Загружено 0 платежей из БД.","timestamp":"2025-03-05T02:42:35.368Z"}
{"level":"info","message":"⏳ Планировщик проверки платежей запущен (интервал: 1 мин).","timestamp":"2025-03-05T02:42:35.387Z"}
{"level":"info","message":"⚡️[server]: Server is running at http://localhost:3000","timestamp":"2025-03-05T02:42:35.418Z"}
{"level":"info","message":"🔄 Началась проверка незавершённых платежей...","timestamp":"2025-03-05T02:43:00.075Z"}
{"level":"info","message":"✅ Нет ожидающих платежей. Пропускаем проверку.","timestamp":"2025-03-05T02:43:00.076Z"}
{"amount":8505,"birthDate":"07-03-2025","childName":"Беляев Максим Олегович","email":"example@gmail.com","level":"info","message":"🚀 Получен запрос на создание платежа","parentName":"Беляева Ольга Дмитриевна","phone":"+7 (900) 000-00-00","productId":"663346397952","snils":"345-345-454 54","timestamp":"2025-03-05T02:43:24.851Z"}
{"level":"info","message":"🔍 Запрос к Tilda API для получения данных товара 663346397952","timestamp":"2025-03-05T02:43:24.852Z"}
{"characteristics":[{"title":"dol_sol","value":"Услуги по отдыху и оздоровлению в ДООЦ \"Город детства\""},{"title":"price","value":"1215.00"},{"title":"quantity","value":"7"},{"title":"truCode","value":"559019000.020000001"}],"descr":"Детский оздоровительный лагерь 7 дней С использованием сертификата на отдых и оздоровление детей","editions":[{"img":"https://static.tildacdn.com/tild3732-3165-4033-a665-343963386336/2.png","price":"8505.0000","priceold":"","quantity":"","sku":"","uid":663346397952}],"externalid":"ljaeAZYDaiLOdpVfITC3","gallery":"[{\"img\":\"https:\\/\\/static.tildacdn.com\\/tild3732-3165-4033-a665-343963386336\\/2.png\"}]","json_chars":"[{\"title\": \"dol_sol\", \"value\": \"Услуги по отдыху и оздоровлению в ДООЦ \\\"Город детства\\\"\"}, {\"title\": \"price\", \"value\": \"1215.00\"}, {\"title\": \"quantity\", \"value\": \"7\"}, {\"title\": \"truCode\", \"value\": \"559019000.020000001\"}]","level":"info","mark":"СЕРТИФИКАТ","message":"📦 Данные товара получены:","newsort":0,"pack_label":"lwh","pack_m":0,"pack_x":0,"pack_y":0,"pack_z":0,"parentuid":"","portion":0,"price":"8505.0000","rootpartid":20567890,"sort":1005610,"timestamp":"2025-03-05T02:43:26.163Z","title":"Оплата путёвки на смену с 15 марта 2025 по 21 марта 2025 в ДООЦ «Город детства»","uid":663346397952}
{"level":"info","message":"🔢 Извлечение характеристик товара...","timestamp":"2025-03-05T02:43:26.164Z"}
{"articleName":"Услуги по отдыху и оздоровлению в ДООЦ \"Город детства\"","level":"info","message":"✅ Характеристики товара:","priceStr":"1215.00","quantityStr":"7","timestamp":"2025-03-05T02:43:26.165Z"}
{"level":"info","message":"💰 Итоговая сумма платежа:","timestamp":"2025-03-05T02:43:26.165Z"}
{"level":"info","message":"🛠 truCode перед отправкой в YooKassa:","timestamp":"2025-03-05T02:43:26.165Z","truCode":"559019000.02000000100000000000"}
{"birthDate":"07-03-2025","childName":"Беляев Максим Олегович","email":"example@gmail.com","level":"info","message":"📜 Данные клиента:","parentName":"Беляева Ольга Дмитриевна","phone":"+7 (900) 000-00-00","snils":"345-345-454 54","timestamp":"2025-03-05T02:43:26.166Z"}
{"0":{"article_code":"663346397952","article_name":"Услуги по отдыху и оздоровлению в ДООЦ \"Город детства\"","article_number":1,"price":{"currency":"RUB","value":"1215.00"},"quantity":7,"tru_code":"559019000.02000000100000000000"},"level":"info","message":"📜 Сформированы articles для платежа:","timestamp":"2025-03-05T02:43:26.167Z"}
{"level":"info","message":"📤 Отправка запроса на оплату в YooKassa...","timestamp":"2025-03-05T02:43:26.167Z"}
{"code":"invalid_request","description":"Payment method is not available","id":"0195642f-c61b-70fa-8f68-42653632e40b","level":"error","message":"❌ Ошибка при создании платежа:","timestamp":"2025-03-05T02:43:27.736Z","type":"error"}
{"level":"info","message":"🔄 Началась проверка незавершённых платежей...","timestamp":"2025-03-05T02:44:00.042Z"}
{"level":"info","message":"✅ Нет ожидающих платежей. Пропускаем проверку.","timestamp":"2025-03-05T02:44:00.050Z"}
{"level":"info","message":"🔄 Загружено 0 платежей из БД.","timestamp":"2025-03-05T02:44:16.595Z"}
{"level":"info","message":"⏳ Планировщик проверки платежей запущен (интервал: 1 мин).","timestamp":"2025-03-05T02:44:16.653Z"}
{"level":"info","message":"⚡️[server]: Server is running at http://localhost:3000","timestamp":"2025-03-05T02:44:16.699Z"}
{"level":"info","message":"✅ Платёж 2f59ce49-000f-5000-9000-13ed931d6db6 добавлен в очередь и сохранён в БД.","timestamp":"2025-03-05T02:44:25.577Z"}
{"level":"info","message":"🔄 Началась проверка незавершённых платежей...","timestamp":"2025-03-05T02:45:00.018Z"}
{"level":"info","message":"🔍 Найдено 1 платежей на проверку.","timestamp":"2025-03-05T02:45:00.021Z"}
{"level":"info","message":"💰 Платёж 2f59ce49-000f-5000-9000-13ed931d6db6 подтверждён. Записываем в Google Sheets...","timestamp":"2025-03-05T02:45:02.112Z"}
{"level":"info","message":"✅ Платёж 2f59ce49-000f-5000-9000-13ed931d6db6 удалён из очереди и БД.","timestamp":"2025-03-05T02:45:04.451Z"}
{"level":"info","message":"✅ Платёж 2f59ce49-000f-5000-9000-13ed931d6db6 успешно записан и удалён.","timestamp":"2025-03-05T02:45:04.452Z"}
{"level":"info","message":"✅ Проверка платежей завершена.","timestamp":"2025-03-05T02:45:04.454Z"}
{"level":"info","message":"🔄 Началась проверка незавершённых платежей...","timestamp":"2025-03-05T02:46:00.056Z"}
{"level":"info","message":"✅ Нет ожидающих платежей. Пропускаем проверку.","timestamp":"2025-03-05T02:46:00.061Z"}
{"level":"info","message":"🔄 Началась проверка незавершённых платежей...","timestamp":"2025-03-05T02:47:00.062Z"}
{"level":"info","message":"✅ Нет ожидающих платежей. Пропускаем проверку.","timestamp":"2025-03-05T02:47:00.068Z"}
{"level":"info","message":"🔄 Загружено 0 платежей из БД.","timestamp":"2025-03-05T02:47:44.431Z"}
{"level":"info","message":"⏳ Планировщик проверки платежей запущен (интервал: 1 мин).","timestamp":"2025-03-05T02:47:44.472Z"}
{"level":"info","message":"⚡️[server]: Server is running at http://localhost:3000","timestamp":"2025-03-05T02:47:44.502Z"}
{"level":"info","message":"🔄 Началась проверка незавершённых платежей...","timestamp":"2025-03-05T02:48:00.006Z"}
{"level":"info","message":"✅ Нет ожидающих платежей. Пропускаем проверку.","timestamp":"2025-03-05T02:48:00.007Z"}
{"level":"info","message":"🔄 Загружено 0 платежей из БД.","timestamp":"2025-03-05T02:48:27.841Z"}
{"level":"info","message":"⏳ Планировщик проверки платежей запущен (интервал: 1 мин).","timestamp":"2025-03-05T02:48:27.901Z"}
{"level":"info","message":"⚡️[server]: Server is running at http://localhost:3000","timestamp":"2025-03-05T02:48:27.935Z"}
{"birthDate":"07-03-2025","childName":"Беляев Максим Олегович","email":"example@gmail.com","level":"info","message":"🚀 Получен запрос на создание платежа","parentName":"Беляева Ольга Дмитриевна","phone":"+7 (900) 000-00-00","productId":"663346397952","snils":"345-345-454 54","timestamp":"2025-03-05T02:48:41.642Z"}
{"level":"info","message":"🔍 Запрос к Tilda API для получения данных товара 663346397952","timestamp":"2025-03-05T02:48:41.643Z"}
{"characteristics":[{"title":"dol_sol","value":"Услуги по отдыху и оздоровлению в ДООЦ \"Город детства\""},{"title":"price","value":"1215.00"},{"title":"quantity","value":"7"},{"title":"truCode","value":"559019000.020000001"}],"descr":"Детский оздоровительный лагерь 7 дней С использованием сертификата на отдых и оздоровление детей","editions":[{"img":"https://static.tildacdn.com/tild3732-3165-4033-a665-343963386336/2.png","price":"8505.0000","priceold":"","quantity":"","sku":"","uid":663346397952}],"externalid":"ljaeAZYDaiLOdpVfITC3","gallery":"[{\"img\":\"https:\\/\\/static.tildacdn.com\\/tild3732-3165-4033-a665-343963386336\\/2.png\"}]","json_chars":"[{\"title\": \"dol_sol\", \"value\": \"Услуги по отдыху и оздоровлению в ДООЦ \\\"Город детства\\\"\"}, {\"title\": \"price\", \"value\": \"1215.00\"}, {\"title\": \"quantity\", \"value\": \"7\"}, {\"title\": \"truCode\", \"value\": \"559019000.020000001\"}]","level":"info","mark":"СЕРТИФИКАТ","message":"📦 Данные товара получены:","newsort":0,"pack_label":"lwh","pack_m":0,"pack_x":0,"pack_y":0,"pack_z":0,"parentuid":"","portion":0,"price":"8505.0000","rootpartid":20567890,"sort":1005610,"timestamp":"2025-03-05T02:48:42.573Z","title":"Оплата путёвки на смену с 15 марта 2025 по 21 марта 2025 в ДООЦ «Город детства»","uid":663346397952}
{"description":"Детский оздоровительный лагерь 7 дней С использованием сертификата на отдых и оздоровление детей","level":"info","message":"✅ Характеристики товара:","price":8505,"timestamp":"2025-03-05T02:48:42.574Z","title":"Оплата путёвки на смену с 15 марта 2025 по 21 марта 2025 в ДООЦ «Город детства»"}
{"level":"info","message":"📤 Отправка запроса на оплату в YooKassa...","paymentData":{"amount":{"currency":"RUB","value":8505},"capture":true,"confirmation":{"return_url":"https://xn---56-6cdjehbj0gaxsnb.xn--p1ai/oplata-sertificatom","type":"redirect"},"description":"Оплата путёвки на смену с 15 марта 2025 по 21 марта 2025 в ДООЦ «Город детства»","metadata":{"productId":"663346397952","uniqueId":"7ade1ff6-e68b-4cbc-9132-1e2e76e6e7a3"}},"timestamp":"2025-03-05T02:48:42.576Z"}
{"level":"info","message":"✅ Платёж успешно создан, ссылка на оплату: https://yoomoney.ru/checkout/payments/v2/contract?orderId=2f59cf4b-000f-5000-a000-1bf1b419a8c4","timestamp":"2025-03-05T02:48:44.127Z"}
{"level":"info","message":"✅ Платёж 2f59cf4b-000f-5000-a000-1bf1b419a8c4 добавлен в очередь и сохранён в БД.","timestamp":"2025-03-05T02:48:44.131Z"}
{"level":"info","message":"✅ Платёж 2f59cf4b-000f-5000-a000-1bf1b419a8c4 добавлен в очередь на проверку","timestamp":"2025-03-05T02:48:44.131Z"}
{"level":"info","message":"🔄 Загружено 1 платежей из БД.","timestamp":"2025-03-05T02:48:56.659Z"}
{"level":"info","message":"⏳ Планировщик проверки платежей запущен (интервал: 1 мин).","timestamp":"2025-03-05T02:48:56.704Z"}
{"level":"info","message":"⚡️[server]: Server is running at http://localhost:3000","timestamp":"2025-03-05T02:48:56.738Z"}
{"level":"info","message":"🔄 Началась проверка незавершённых платежей...","timestamp":"2025-03-05T02:49:00.022Z"}
{"level":"info","message":"🔍 Найдено 1 платежей на проверку.","timestamp":"2025-03-05T02:49:00.023Z"}
{"level":"info","message":"⏳ Платёж 2f59cf4b-000f-5000-a000-1bf1b419a8c4 всё ещё в обработке.","timestamp":"2025-03-05T02:49:01.405Z"}
{"level":"info","message":"✅ Проверка платежей завершена.","timestamp":"2025-03-05T02:49:01.406Z"}
{"level":"info","message":"🔄 Началась проверка незавершённых платежей...","timestamp":"2025-03-05T02:50:00.024Z"}
{"level":"info","message":"🔍 Найдено 1 платежей на проверку.","timestamp":"2025-03-05T02:50:00.028Z"}
{"level":"info","message":"💰 Платёж 2f59cf4b-000f-5000-a000-1bf1b419a8c4 подтверждён. Записываем в Google Sheets...","timestamp":"2025-03-05T02:50:01.634Z"}
{"level":"info","message":"✅ Платёж 2f59cf4b-000f-5000-a000-1bf1b419a8c4 удалён из очереди и БД.","timestamp":"2025-03-05T02:50:04.310Z"}
{"level":"info","message":"✅ Платёж 2f59cf4b-000f-5000-a000-1bf1b419a8c4 успешно записан и удалён.","timestamp":"2025-03-05T02:50:04.310Z"}
{"level":"info","message":"✅ Проверка платежей завершена.","timestamp":"2025-03-05T02:50:04.310Z"}
{"level":"info","message":"🔄 Началась проверка незавершённых платежей...","timestamp":"2025-03-05T02:51:00.014Z"}
{"level":"info","message":"✅ Нет ожидающих платежей. Пропускаем проверку.","timestamp":"2025-03-05T02:51:00.019Z"}
{"level":"info","message":"🔄 Началась проверка незавершённых платежей...","timestamp":"2025-03-05T02:52:00.029Z"}
{"level":"info","message":"✅ Нет ожидающих платежей. Пропускаем проверку.","timestamp":"2025-03-05T02:52:00.030Z"}
{"level":"info","message":"🔄 Началась проверка незавершённых платежей...","timestamp":"2025-03-05T02:53:00.025Z"}
{"level":"info","message":"✅ Нет ожидающих платежей. Пропускаем проверку.","timestamp":"2025-03-05T02:53:00.028Z"}
{"level":"info","message":"🔄 Началась проверка незавершённых платежей...","timestamp":"2025-03-05T02:54:00.026Z"}
{"level":"info","message":"✅ Нет ожидающих платежей. Пропускаем проверку.","timestamp":"2025-03-05T02:54:00.043Z"}
{"level":"info","message":"🔄 Началась проверка незавершённых платежей...","timestamp":"2025-03-05T02:55:00.039Z"}
{"level":"info","message":"✅ Нет ожидающих платежей. Пропускаем проверку.","timestamp":"2025-03-05T02:55:00.042Z"}
{"level":"info","message":"🔄 Загружено 0 платежей из БД.","timestamp":"2025-03-05T02:55:29.160Z"}
{"level":"info","message":"⏳ Планировщик проверки платежей запущен (интервал: 1 мин).","timestamp":"2025-03-05T02:55:29.215Z"}
{"level":"info","message":"⚡️[server]: Server is running at http://localhost:3000","timestamp":"2025-03-05T02:55:29.243Z"}
{"birthDate":"04-03-2015","childName":"Беляев Максим Степанович","email":"olga1991@mail.ru","level":"info","message":"🚀 Получен запрос на создание платежа","parentName":"Беляева Ольга Дмитриевна","phone":"+7 (900) 000-00-00","productId":"663346397952","snils":"345-345-454 54","timestamp":"2025-03-05T02:55:54.139Z"}
{"level":"info","message":"🔍 Запрос к Tilda API для получения данных товара 663346397952","timestamp":"2025-03-05T02:55:54.139Z"}
{"characteristics":[{"title":"dol_sol","value":"Услуги по отдыху и оздоровлению в ДООЦ \"Город детства\""},{"title":"price","value":"1215.00"},{"title":"quantity","value":"7"},{"title":"truCode","value":"559019000.020000001"}],"descr":"Детский оздоровительный лагерь 7 дней С использованием сертификата на отдых и оздоровление детей","editions":[{"img":"https://static.tildacdn.com/tild3732-3165-4033-a665-343963386336/2.png","price":"8505.0000","priceold":"","quantity":"","sku":"","uid":663346397952}],"externalid":"ljaeAZYDaiLOdpVfITC3","gallery":"[{\"img\":\"https:\\/\\/static.tildacdn.com\\/tild3732-3165-4033-a665-343963386336\\/2.png\"}]","json_chars":"[{\"title\": \"dol_sol\", \"value\": \"Услуги по отдыху и оздоровлению в ДООЦ \\\"Город детства\\\"\"}, {\"title\": \"price\", \"value\": \"1215.00\"}, {\"title\": \"quantity\", \"value\": \"7\"}, {\"title\": \"truCode\", \"value\": \"559019000.020000001\"}]","level":"info","mark":"СЕРТИФИКАТ","message":"📦 Данные товара получены:","newsort":0,"pack_label":"lwh","pack_m":0,"pack_x":0,"pack_y":0,"pack_z":0,"parentuid":"","portion":0,"price":"8505.0000","rootpartid":20567890,"sort":1005610,"timestamp":"2025-03-05T02:55:55.272Z","title":"Оплата путёвки на смену с 15 марта 2025 по 21 марта 2025 в ДООЦ «Город детства»","uid":663346397952}
{"description":"Детский оздоровительный лагерь 7 дней С использованием сертификата на отдых и оздоровление детей","level":"info","message":"✅ Характеристики товара:","price":8505,"timestamp":"2025-03-05T02:55:55.273Z","title":"Оплата путёвки на смену с 15 марта 2025 по 21 марта 2025 в ДООЦ «Город детства»"}
{"level":"info","message":"📤 Отправка запроса на оплату в YooKassa...","paymentData":{"amount":{"currency":"RUB","value":8505},"capture":true,"confirmation":{"return_url":"https://xn---56-6cdjehbj0gaxsnb.xn--p1ai/oplata-sertificatom","type":"redirect"},"description":"Оплата путёвки на смену с 15 марта 2025 по 21 марта 2025 в ДООЦ «Город детства»","metadata":{"productId":"663346397952","uniqueId":"7951a834-0bae-4874-a7ff-d2bd5b083b2d"}},"timestamp":"2025-03-05T02:55:55.278Z"}
{"level":"info","message":"✅ Платёж успешно создан, ссылка на оплату: https://yoomoney.ru/checkout/payments/v2/contract?orderId=2f59d0fc-000f-5000-a000-13ce4a53f46e","timestamp":"2025-03-05T02:55:56.801Z"}
{"level":"info","message":"✅ Платёж 2f59d0fc-000f-5000-a000-13ce4a53f46e добавлен в очередь и сохранён в БД.","timestamp":"2025-03-05T02:55:56.808Z"}
{"level":"info","message":"✅ Платёж 2f59d0fc-000f-5000-a000-13ce4a53f46e добавлен в очередь на проверку","timestamp":"2025-03-05T02:55:56.808Z"}
{"level":"info","message":"🔄 Началась проверка незавершённых платежей...","timestamp":"2025-03-05T02:56:00.015Z"}
{"level":"info","message":"🔍 Найдено 1 платежей на проверку.","timestamp":"2025-03-05T02:56:00.017Z"}
{"level":"info","message":"⏳ Платёж 2f59d0fc-000f-5000-a000-13ce4a53f46e всё ещё в обработке.","timestamp":"2025-03-05T02:56:00.443Z"}
{"level":"info","message":"✅ Проверка платежей завершена.","timestamp":"2025-03-05T02:56:00.443Z"}
{"level":"info","message":"🔄 Началась проверка незавершённых платежей...","timestamp":"2025-03-05T02:57:00.103Z"}
{"level":"info","message":"🔍 Найдено 1 платежей на проверку.","timestamp":"2025-03-05T02:57:00.105Z"}
{"level":"info","message":"💰 Платёж 2f59d0fc-000f-5000-a000-13ce4a53f46e подтверждён. Записываем в Google Sheets...","timestamp":"2025-03-05T02:57:01.438Z"}
{"level":"info","message":"✅ Платёж 2f59d0fc-000f-5000-a000-13ce4a53f46e удалён из очереди и БД.","timestamp":"2025-03-05T02:57:04.237Z"}
{"level":"info","message":"✅ Платёж 2f59d0fc-000f-5000-a000-13ce4a53f46e успешно записан и удалён.","timestamp":"2025-03-05T02:57:04.238Z"}
{"level":"info","message":"✅ Проверка платежей завершена.","timestamp":"2025-03-05T02:57:04.239Z"}
{"level":"info","message":"🔄 Началась проверка незавершённых платежей...","timestamp":"2025-03-05T02:58:00.061Z"}
{"level":"info","message":"✅ Нет ожидающих платежей. Пропускаем проверку.","timestamp":"2025-03-05T02:58:00.068Z"}
{"birthDate":"04-03-2015","childName":"Беляев Максим Степанович","email":"olga1991@mail.ru","level":"info","message":"🚀 Получен запрос на создание платежа","parentName":"Беляева Ольга Дмитриевна","phone":"+7 (900) 000-00-00","productId":"663346397952","snils":"345-345-454 54","timestamp":"2025-03-05T02:58:04.956Z"}
{"level":"info","message":"🔍 Запрос к Tilda API для получения данных товара 663346397952","timestamp":"2025-03-05T02:58:04.957Z"}
{"characteristics":[{"title":"dol_sol","value":"Услуги по отдыху и оздоровлению в ДООЦ \"Город детства\""},{"title":"price","value":"1215.00"},{"title":"quantity","value":"7"},{"title":"truCode","value":"559019000.020000001"}],"descr":"Детский оздоровительный лагерь 7 дней С использованием сертификата на отдых и оздоровление детей","editions":[{"img":"https://static.tildacdn.com/tild3732-3165-4033-a665-343963386336/2.png","price":"8505.0000","priceold":"","quantity":"","sku":"","uid":663346397952}],"externalid":"ljaeAZYDaiLOdpVfITC3","gallery":"[{\"img\":\"https:\\/\\/static.tildacdn.com\\/tild3732-3165-4033-a665-343963386336\\/2.png\"}]","json_chars":"[{\"title\": \"dol_sol\", \"value\": \"Услуги по отдыху и оздоровлению в ДООЦ \\\"Город детства\\\"\"}, {\"title\": \"price\", \"value\": \"1215.00\"}, {\"title\": \"quantity\", \"value\": \"7\"}, {\"title\": \"truCode\", \"value\": \"559019000.020000001\"}]","level":"info","mark":"СЕРТИФИКАТ","message":"📦 Данные товара получены:","newsort":0,"pack_label":"lwh","pack_m":0,"pack_x":0,"pack_y":0,"pack_z":0,"parentuid":"","portion":0,"price":"8505.0000","rootpartid":20567890,"sort":1005610,"timestamp":"2025-03-05T02:58:05.820Z","title":"Оплата путёвки на смену с 15 марта 2025 по 21 марта 2025 в ДООЦ «Город детства»","uid":663346397952}
{"description":"Детский оздоровительный лагерь 7 дней С использованием сертификата на отдых и оздоровление детей","level":"info","message":"✅ Характеристики товара:","price":8505,"timestamp":"2025-03-05T02:58:05.821Z","title":"Оплата путёвки на смену с 15 марта 2025 по 21 марта 2025 в ДООЦ «Город детства»"}
{"level":"info","message":"📤 Отправка запроса на оплату в YooKassa...","paymentData":{"amount":{"currency":"RUB","value":8505},"capture":true,"confirmation":{"return_url":"https://xn---56-6cdjehbj0gaxsnb.xn--p1ai/oplata-sertificatom","type":"redirect"},"description":"Оплата путёвки на смену с 15 марта 2025 по 21 марта 2025 в ДООЦ «Город детства»","metadata":{"productId":"663346397952","uniqueId":"335a24dc-d35a-4b65-91a4-e47563dba7a6"}},"timestamp":"2025-03-05T02:58:05.822Z"}
{"level":"info","message":"✅ Платёж успешно создан, ссылка на оплату: https://yoomoney.ru/checkout/payments/v2/contract?orderId=2f59d17f-000f-5000-9000-19fb3d1a85cf","timestamp":"2025-03-05T02:58:07.349Z"}
{"level":"info","message":"✅ Платёж 2f59d17f-000f-5000-9000-19fb3d1a85cf добавлен в очередь и сохранён в БД.","timestamp":"2025-03-05T02:58:07.355Z"}
{"level":"info","message":"✅ Платёж 2f59d17f-000f-5000-9000-19fb3d1a85cf добавлен в очередь на проверку","timestamp":"2025-03-05T02:58:07.355Z"}
{"level":"info","message":"🔄 Началась проверка незавершённых платежей...","timestamp":"2025-03-05T02:59:00.016Z"}
{"level":"info","message":"🔍 Найдено 1 платежей на проверку.","timestamp":"2025-03-05T02:59:00.019Z"}
{"level":"info","message":"⏳ Платёж 2f59d17f-000f-5000-9000-19fb3d1a85cf всё ещё в обработке.","timestamp":"2025-03-05T02:59:01.380Z"}
{"level":"info","message":"✅ Проверка платежей завершена.","timestamp":"2025-03-05T02:59:01.380Z"}
{"level":"info","message":"🔄 Началась проверка незавершённых платежей...","timestamp":"2025-03-05T03:00:00.022Z"}
{"level":"info","message":"🔍 Найдено 1 платежей на проверку.","timestamp":"2025-03-05T03:00:00.029Z"}
{"level":"info","message":"⏳ Платёж 2f59d17f-000f-5000-9000-19fb3d1a85cf всё ещё в обработке.","timestamp":"2025-03-05T03:00:01.399Z"}
{"level":"info","message":"✅ Проверка платежей завершена.","timestamp":"2025-03-05T03:00:01.399Z"}
{"level":"info","message":"🔄 Началась проверка незавершённых платежей...","timestamp":"2025-03-05T03:01:00.010Z"}
{"level":"info","message":"🔍 Найдено 1 платежей на проверку.","timestamp":"2025-03-05T03:01:00.015Z"}
{"level":"info","message":"⏳ Платёж 2f59d17f-000f-5000-9000-19fb3d1a85cf всё ещё в обработке.","timestamp":"2025-03-05T03:01:01.589Z"}
{"level":"info","message":"✅ Проверка платежей завершена.","timestamp":"2025-03-05T03:01:01.590Z"}
{"level":"info","message":"🔄 Началась проверка незавершённых платежей...","timestamp":"2025-03-05T03:02:00.018Z"}
{"level":"info","message":"🔍 Найдено 1 платежей на проверку.","timestamp":"2025-03-05T03:02:00.032Z"}
{"level":"info","message":"💰 Платёж 2f59d17f-000f-5000-9000-19fb3d1a85cf подтверждён. Записываем в Google Sheets...","timestamp":"2025-03-05T03:02:01.671Z"}
{"level":"info","message":"✅ Платёж 2f59d17f-000f-5000-9000-19fb3d1a85cf удалён из очереди и БД.","timestamp":"2025-03-05T03:02:03.680Z"}
{"level":"info","message":"✅ Платёж 2f59d17f-000f-5000-9000-19fb3d1a85cf успешно записан и удалён.","timestamp":"2025-03-05T03:02:03.681Z"}
{"level":"info","message":"✅ Проверка платежей завершена.","timestamp":"2025-03-05T03:02:03.681Z"}
{"level":"info","message":"🔄 Началась проверка незавершённых платежей...","timestamp":"2025-03-05T03:03:00.034Z"}
{"level":"info","message":"✅ Нет ожидающих платежей. Пропускаем проверку.","timestamp":"2025-03-05T03:03:00.037Z"}
{"level":"info","message":"🔄 Загружено 0 платежей из БД.","timestamp":"2025-03-05T03:03:51.714Z"}
{"level":"info","message":"⏳ Планировщик проверки платежей запущен (интервал: 1 мин).","timestamp":"2025-03-05T03:03:51.755Z"}
{"level":"info","message":"⚡️[server]: Server is running at http://localhost:3000","timestamp":"2025-03-05T03:03:51.784Z"}
{"level":"info","message":"🔄 Началась проверка незавершённых платежей...","timestamp":"2025-03-05T03:04:00.006Z"}
{"level":"info","message":"✅ Нет ожидающих платежей. Пропускаем проверку.","timestamp":"2025-03-05T03:04:00.007Z"}
{"level":"info","message":"🔄 Началась проверка незавершённых платежей...","timestamp":"2025-03-05T03:05:00.007Z"}
{"level":"info","message":"✅ Нет ожидающих платежей. Пропускаем проверку.","timestamp":"2025-03-05T03:05:00.008Z"}
{"level":"info","message":"🔄 Началась проверка незавершённых платежей...","timestamp":"2025-03-05T03:06:00.167Z"}
{"level":"info","message":"✅ Нет ожидающих платежей. Пропускаем проверку.","timestamp":"2025-03-05T03:06:00.167Z"}
{"level":"info","message":"🔄 Началась проверка незавершённых платежей...","timestamp":"2025-03-05T03:07:00.035Z"}
{"level":"info","message":"✅ Нет ожидающих платежей. Пропускаем проверку.","timestamp":"2025-03-05T03:07:00.036Z"}
{"level":"info","message":"🔄 Началась проверка незавершённых платежей...","timestamp":"2025-03-05T03:08:00.018Z"}
{"level":"info","message":"✅ Нет ожидающих платежей. Пропускаем проверку.","timestamp":"2025-03-05T03:08:00.029Z"}
{"level":"info","message":"🔄 Началась проверка незавершённых платежей...","timestamp":"2025-03-05T03:09:00.017Z"}
{"level":"info","message":"✅ Нет ожидающих платежей. Пропускаем проверку.","timestamp":"2025-03-05T03:09:00.022Z"}
{"level":"info","message":"🔄 Началась проверка незавершённых платежей...","timestamp":"2025-03-05T03:10:00.025Z"}
{"level":"info","message":"✅ Нет ожидающих платежей. Пропускаем проверку.","timestamp":"2025-03-05T03:10:00.029Z"}
{"birthDate":"04-03-2015","childName":"Беляев Максим Степанович","email":"olga1991@mail.ru","level":"info","message":"🚀 Получен запрос на создание платежа","parentName":"Беляева Ольга Дмитриевна","phone":"+7 (900) 000-00-00","productId":"663346397952","snils":"345-345-454 54","timestamp":"2025-03-05T03:10:32.951Z"}
{"level":"info","message":"🔍 Запрос к Tilda API для получения данных товара 663346397952","timestamp":"2025-03-05T03:10:32.954Z"}
{"characteristics":[{"title":"dol_sol","value":"Услуги по отдыху и оздоровлению в ДООЦ \"Город детства\""},{"title":"price","value":"1215.00"},{"title":"quantity","value":"7"},{"title":"truCode","value":"559019000.020000001"}],"descr":"Детский оздоровительный лагерь 7 дней С использованием сертификата на отдых и оздоровление детей","editions":[{"img":"https://static.tildacdn.com/tild3732-3165-4033-a665-343963386336/2.png","price":"8505.0000","priceold":"","quantity":"","sku":"","uid":663346397952}],"externalid":"ljaeAZYDaiLOdpVfITC3","gallery":"[{\"img\":\"https:\\/\\/static.tildacdn.com\\/tild3732-3165-4033-a665-343963386336\\/2.png\"}]","json_chars":"[{\"title\": \"dol_sol\", \"value\": \"Услуги по отдыху и оздоровлению в ДООЦ \\\"Город детства\\\"\"}, {\"title\": \"price\", \"value\": \"1215.00\"}, {\"title\": \"quantity\", \"value\": \"7\"}, {\"title\": \"truCode\", \"value\": \"559019000.020000001\"}]","level":"info","mark":"СЕРТИФИКАТ","message":"📦 Данные товара получены:","newsort":0,"pack_label":"lwh","pack_m":0,"pack_x":0,"pack_y":0,"pack_z":0,"parentuid":"","portion":0,"price":"8505.0000","rootpartid":20567890,"sort":1005610,"timestamp":"2025-03-05T03:10:34.292Z","title":"Оплата путёвки на смену с 15 марта 2025 по 21 марта 2025 в ДООЦ «Город детства»","uid":663346397952}
{"description":"Детский оздоровительный лагерь 7 дней С использованием сертификата на отдых и оздоровление детей","level":"info","message":"✅ Характеристики товара:","price":8505,"timestamp":"2025-03-05T03:10:34.293Z","title":"Оплата путёвки на смену с 15 марта 2025 по 21 марта 2025 в ДООЦ «Город детства»"}
{"level":"info","message":"📤 Отправка запроса на оплату в YooKassa...","paymentData":{"amount":{"currency":"RUB","value":8505},"capture":true,"confirmation":{"return_url":"https://xn---56-6cdjehbj0gaxsnb.xn--p1ai/oplata-sertificatom","type":"redirect"},"description":"Оплата путёвки на смену с 15 марта 2025 по 21 марта 2025 в ДООЦ «Город детства»","metadata":{"productId":"663346397952","uniqueId":"4a80b99f-b0da-4095-a221-1d2c3314e9d7"}},"timestamp":"2025-03-05T03:10:34.295Z"}
{"level":"info","message":"✅ Платёж успешно создан, ссылка на оплату: https://yoomoney.ru/checkout/payments/v2/contract?orderId=2f59d46b-000f-5000-b000-1cb46ac44ee5","timestamp":"2025-03-05T03:10:35.848Z"}
{"level":"info","message":"✅ Платёж 2f59d46b-000f-5000-b000-1cb46ac44ee5 добавлен в очередь и сохранён в БД.","timestamp":"2025-03-05T03:10:35.858Z"}
{"level":"info","message":"✅ Платёж 2f59d46b-000f-5000-b000-1cb46ac44ee5 добавлен в очередь на проверку","timestamp":"2025-03-05T03:10:35.859Z"}
{"level":"info","message":"🔄 Началась проверка незавершённых платежей...","timestamp":"2025-03-05T03:11:00.013Z"}
{"level":"info","message":"🔍 Найдено 1 платежей на проверку.","timestamp":"2025-03-05T03:11:00.016Z"}
{"level":"info","message":"💰 Платёж 2f59d46b-000f-5000-b000-1cb46ac44ee5 подтверждён. Записываем в Google Sheets...","timestamp":"2025-03-05T03:11:01.625Z"}
{"level":"info","message":"✅ Платёж 2f59d46b-000f-5000-b000-1cb46ac44ee5 удалён из очереди и БД.","timestamp":"2025-03-05T03:11:03.814Z"}
{"level":"info","message":"✅ Платёж 2f59d46b-000f-5000-b000-1cb46ac44ee5 успешно записан и удалён.","timestamp":"2025-03-05T03:11:03.814Z"}
{"level":"info","message":"✅ Проверка платежей завершена.","timestamp":"2025-03-05T03:11:03.815Z"}
{"level":"info","message":"🔄 Началась проверка незавершённых платежей...","timestamp":"2025-03-05T03:12:00.043Z"}
{"level":"info","message":"✅ Нет ожидающих платежей. Пропускаем проверку.","timestamp":"2025-03-05T03:12:00.046Z"}
{"level":"info","message":"🔄 Началась проверка незавершённых платежей...","timestamp":"2025-03-05T03:13:00.044Z"}
{"level":"info","message":"✅ Нет ожидающих платежей. Пропускаем проверку.","timestamp":"2025-03-05T03:13:00.045Z"}
{"level":"info","message":"🔄 Началась проверка незавершённых платежей...","timestamp":"2025-03-05T03:14:00.014Z"}
{"level":"info","message":"✅ Нет ожидающих платежей. Пропускаем проверку.","timestamp":"2025-03-05T03:14:00.019Z"}
{"level":"info","message":"🔄 Началась проверка незавершённых платежей...","timestamp":"2025-03-05T03:15:00.045Z"}
{"level":"info","message":"✅ Нет ожидающих платежей. Пропускаем проверку.","timestamp":"2025-03-05T03:15:00.047Z"}
{"level":"info","message":"🔄 Началась проверка незавершённых платежей...","timestamp":"2025-03-05T03:16:00.021Z"}
{"level":"info","message":"✅ Нет ожидающих платежей. Пропускаем проверку.","timestamp":"2025-03-05T03:16:00.022Z"}
{"level":"info","message":"🔄 Началась проверка незавершённых платежей...","timestamp":"2025-03-05T03:17:00.010Z"}
{"level":"info","message":"✅ Нет ожидающих платежей. Пропускаем проверку.","timestamp":"2025-03-05T03:17:00.013Z"}
{"level":"info","message":"🔄 Началась проверка незавершённых платежей...","timestamp":"2025-03-05T03:18:00.032Z"}
{"level":"info","message":"✅ Нет ожидающих платежей. Пропускаем проверку.","timestamp":"2025-03-05T03:18:00.039Z"}
{"level":"info","message":"🔄 Началась проверка незавершённых платежей...","timestamp":"2025-03-05T03:19:00.009Z"}
{"level":"info","message":"✅ Нет ожидающих платежей. Пропускаем проверку.","timestamp":"2025-03-05T03:19:00.011Z"}
{"level":"info","message":"🔄 Началась проверка незавершённых платежей...","timestamp":"2025-03-05T03:20:00.013Z"}
{"level":"info","message":"✅ Нет ожидающих платежей. Пропускаем проверку.","timestamp":"2025-03-05T03:20:00.019Z"}
{"level":"info","message":"🔄 Началась проверка незавершённых платежей...","timestamp":"2025-03-05T03:21:00.053Z"}
{"level":"info","message":"✅ Нет ожидающих платежей. Пропускаем проверку.","timestamp":"2025-03-05T03:21:00.055Z"}
{"level":"info","message":"🔄 Началась проверка незавершённых платежей...","timestamp":"2025-03-05T03:22:00.013Z"}
{"level":"info","message":"✅ Нет ожидающих платежей. Пропускаем проверку.","timestamp":"2025-03-05T03:22:00.018Z"}
{"level":"info","message":"🔄 Началась проверка незавершённых платежей...","timestamp":"2025-03-05T03:23:00.013Z"}
{"level":"info","message":"✅ Нет ожидающих платежей. Пропускаем проверку.","timestamp":"2025-03-05T03:23:00.018Z"}
{"level":"info","message":"🔄 Началась проверка незавершённых платежей...","timestamp":"2025-03-05T03:24:00.035Z"}
{"level":"info","message":"✅ Нет ожидающих платежей. Пропускаем проверку.","timestamp":"2025-03-05T03:24:00.041Z"}
{"level":"info","message":"🔄 Началась проверка незавершённых платежей...","timestamp":"2025-03-05T03:25:00.005Z"}
{"level":"info","message":"✅ Нет ожидающих платежей. Пропускаем проверку.","timestamp":"2025-03-05T03:25:00.010Z"}
{"level":"info","message":"🔄 Началась проверка незавершённых платежей...","timestamp":"2025-03-05T03:26:00.008Z"}
{"level":"info","message":"✅ Нет ожидающих платежей. Пропускаем проверку.","timestamp":"2025-03-05T03:26:00.011Z"}
{"level":"info","message":"🔄 Началась проверка незавершённых платежей...","timestamp":"2025-03-05T03:27:00.041Z"}
{"level":"info","message":"✅ Нет ожидающих платежей. Пропускаем проверку.","timestamp":"2025-03-05T03:27:00.052Z"}
{"level":"info","message":"🔄 Началась проверка незавершённых платежей...","timestamp":"2025-03-05T03:28:00.008Z"}
{"level":"info","message":"✅ Нет ожидающих платежей. Пропускаем проверку.","timestamp":"2025-03-05T03:28:00.023Z"}
{"level":"info","message":"🔄 Началась проверка незавершённых платежей...","timestamp":"2025-03-05T03:29:00.006Z"}
{"level":"info","message":"✅ Нет ожидающих платежей. Пропускаем проверку.","timestamp":"2025-03-05T03:29:00.010Z"}
{"level":"info","message":"🔄 Началась проверка незавершённых платежей...","timestamp":"2025-03-05T03:30:00.032Z"}
{"level":"info","message":"✅ Нет ожидающих платежей. Пропускаем проверку.","timestamp":"2025-03-05T03:30:00.034Z"}
{"level":"info","message":"🔄 Началась проверка незавершённых платежей...","timestamp":"2025-03-05T03:31:00.012Z"}
{"level":"info","message":"✅ Нет ожидающих платежей. Пропускаем проверку.","timestamp":"2025-03-05T03:31:00.021Z"}
{"level":"info","message":"🔄 Началась проверка незавершённых платежей...","timestamp":"2025-03-05T03:32:00.012Z"}
{"level":"info","message":"✅ Нет ожидающих платежей. Пропускаем проверку.","timestamp":"2025-03-05T03:32:00.016Z"}
{"level":"info","message":"🔄 Началась проверка незавершённых платежей...","timestamp":"2025-03-05T03:33:00.040Z"}
{"level":"info","message":"✅ Нет ожидающих платежей. Пропускаем проверку.","timestamp":"2025-03-05T03:33:00.045Z"}
{"level":"info","message":"🔄 Началась проверка незавершённых платежей...","timestamp":"2025-03-05T03:34:00.005Z"}
{"level":"info","message":"✅ Нет ожидающих платежей. Пропускаем проверку.","timestamp":"2025-03-05T03:34:00.009Z"}
{"level":"info","message":"🔄 Началась проверка незавершённых платежей...","timestamp":"2025-03-05T03:35:00.008Z"}
{"level":"info","message":"✅ Нет ожидающих платежей. Пропускаем проверку.","timestamp":"2025-03-05T03:35:00.011Z"}
{"level":"info","message":"🔄 Началась проверка незавершённых платежей...","timestamp":"2025-03-05T03:36:00.048Z"}
{"level":"info","message":"✅ Нет ожидающих платежей. Пропускаем проверку.","timestamp":"2025-03-05T03:36:00.049Z"}
{"level":"info","message":"🔄 Началась проверка незавершённых платежей...","timestamp":"2025-03-05T03:37:00.017Z"}
{"level":"info","message":"✅ Нет ожидающих платежей. Пропускаем проверку.","timestamp":"2025-03-05T03:37:00.019Z"}
{"level":"info","message":"🔄 Началась проверка незавершённых платежей...","timestamp":"2025-03-05T03:38:00.021Z"}
{"level":"info","message":"✅ Нет ожидающих платежей. Пропускаем проверку.","timestamp":"2025-03-05T03:38:00.026Z"}
{"level":"info","message":"🔄 Началась проверка незавершённых платежей...","timestamp":"2025-03-05T03:39:00.030Z"}
{"level":"info","message":"✅ Нет ожидающих платежей. Пропускаем проверку.","timestamp":"2025-03-05T03:39:00.033Z"}
{"level":"info","message":"🔄 Началась проверка незавершённых платежей...","timestamp":"2025-03-05T03:40:00.023Z"}
{"level":"info","message":"✅ Нет ожидающих платежей. Пропускаем проверку.","timestamp":"2025-03-05T03:40:00.029Z"}
{"level":"info","message":"🔄 Началась проверка незавершённых платежей...","timestamp":"2025-03-05T03:41:00.006Z"}
{"level":"info","message":"✅ Нет ожидающих платежей. Пропускаем проверку.","timestamp":"2025-03-05T03:41:00.009Z"}
{"level":"info","message":"🔄 Началась проверка незавершённых платежей...","timestamp":"2025-03-05T03:42:00.026Z"}
{"level":"info","message":"✅ Нет ожидающих платежей. Пропускаем проверку.","timestamp":"2025-03-05T03:42:00.044Z"}
{"level":"info","message":"🔄 Загружено 0 платежей из БД.","timestamp":"2025-03-05T03:45:05.998Z"}
{"level":"info","message":"⏳ Планировщик проверки платежей запущен (интервал: 1 мин).","timestamp":"2025-03-05T03:45:06.049Z"}
{"level":"info","message":"⚡️[server]: Server is running at http://localhost:3000","timestamp":"2025-03-05T03:45:06.071Z"}
{"level":"info","message":"🔄 Началась проверка незавершённых платежей...","timestamp":"2025-03-05T03:46:00.073Z"}
{"level":"info","message":"✅ Нет ожидающих платежей. Пропускаем проверку.","timestamp":"2025-03-05T03:46:00.077Z"}
{"level":"info","message":"🔄 Началась проверка незавершённых платежей...","timestamp":"2025-03-05T03:47:00.027Z"}
{"level":"info","message":"✅ Нет ожидающих платежей. Пропускаем проверку.","timestamp":"2025-03-05T03:47:00.041Z"}
{"level":"info","message":"🔄 Началась проверка незавершённых платежей...","timestamp":"2025-03-05T03:48:00.041Z"}
{"level":"info","message":"✅ Нет ожидающих платежей. Пропускаем проверку.","timestamp":"2025-03-05T03:48:00.051Z"}
{"level":"info","message":"🔄 Загружено 0 платежей из БД.","timestamp":"2025-03-05T03:50:07.014Z"}
{"level":"info","message":"⏳ Планировщик проверки платежей запущен (интервал: 1 мин).","timestamp":"2025-03-05T03:50:07.087Z"}
{"level":"info","message":"⚡️[server]: Server is running at http://localhost:3000","timestamp":"2025-03-05T03:50:07.130Z"}
{"level":"info","message":"🔄 Загружено 0 платежей из БД.","timestamp":"2025-03-05T03:50:21.872Z"}
{"level":"info","message":"⏳ Планировщик проверки платежей запущен (интервал: 1 мин).","timestamp":"2025-03-05T03:50:21.889Z"}
{"level":"info","message":"⚡️[server]: Server is running at http://localhost:3000","timestamp":"2025-03-05T03:50:21.920Z"}
{"level":"info","message":"🔄 Началась проверка незавершённых платежей...","timestamp":"2025-03-05T03:51:00.073Z"}
{"level":"info","message":"✅ Нет ожидающих платежей. Пропускаем проверку.","timestamp":"2025-03-05T03:51:00.078Z"}
{"level":"info","message":"🔄 Началась проверка незавершённых платежей...","timestamp":"2025-03-05T03:52:00.041Z"}
{"level":"info","message":"✅ Нет ожидающих платежей. Пропускаем проверку.","timestamp":"2025-03-05T03:52:00.050Z"}
{"level":"info","message":"🔄 Загружено 0 платежей из БД.","timestamp":"2025-03-05T03:52:42.579Z"}
{"level":"info","message":"⏳ Планировщик проверки платежей запущен (интервал: 1 мин).","timestamp":"2025-03-05T03:52:42.607Z"}
{"level":"info","message":"⚡️[server]: Server is running at http://localhost:3000","timestamp":"2025-03-05T03:52:42.628Z"}
{"level":"info","message":"🔄 Началась проверка незавершённых платежей...","timestamp":"2025-03-05T03:53:00.008Z"}
{"level":"info","message":"✅ Нет ожидающих платежей. Пропускаем проверку.","timestamp":"2025-03-05T03:53:00.011Z"}
{"level":"info","message":"🔄 Началась проверка незавершённых платежей...","timestamp":"2025-03-05T03:54:00.015Z"}
{"level":"info","message":"✅ Нет ожидающих платежей. Пропускаем проверку.","timestamp":"2025-03-05T03:54:00.016Z"}
{"level":"info","message":"🔄 Началась проверка незавершённых платежей...","timestamp":"2025-03-05T03:55:00.011Z"}
{"level":"info","message":"✅ Нет ожидающих платежей. Пропускаем проверку.","timestamp":"2025-03-05T03:55:00.014Z"}
{"level":"info","message":"🔄 Началась проверка незавершённых платежей...","timestamp":"2025-03-05T03:56:00.010Z"}
{"level":"info","message":"✅ Нет ожидающих платежей. Пропускаем проверку.","timestamp":"2025-03-05T03:56:00.019Z"}
{"level":"info","message":"🔄 Началась проверка незавершённых платежей...","timestamp":"2025-03-05T03:57:00.011Z"}
{"level":"info","message":"✅ Нет ожидающих платежей. Пропускаем проверку.","timestamp":"2025-03-05T03:57:00.017Z"}
{"level":"info","message":"🔄 Началась проверка незавершённых платежей...","timestamp":"2025-03-05T03:58:00.053Z"}
{"level":"info","message":"✅ Нет ожидающих платежей. Пропускаем проверку.","timestamp":"2025-03-05T03:58:00.063Z"}
{"level":"info","message":"🔄 Загружено 0 платежей из БД.","timestamp":"2025-03-05T03:58:53.313Z"}
{"level":"info","message":"⏳ Планировщик проверки платежей запущен (интервал: 1 мин).","timestamp":"2025-03-05T03:58:53.350Z"}
{"level":"info","message":"⚡️[server]: Server is running at http://localhost:3000","timestamp":"2025-03-05T03:58:53.373Z"}
{"level":"info","message":"🔄 Началась проверка незавершённых платежей...","timestamp":"2025-03-05T03:59:00.005Z"}
{"level":"info","message":"✅ Нет ожидающих платежей. Пропускаем проверку.","timestamp":"2025-03-05T03:59:00.006Z"}
{"level":"info","message":"🔄 Началась проверка незавершённых платежей...","timestamp":"2025-03-05T04:00:00.020Z"}
{"level":"info","message":"✅ Нет ожидающих платежей. Пропускаем проверку.","timestamp":"2025-03-05T04:00:00.021Z"}
{"level":"info","message":"🔄 Началась проверка незавершённых платежей...","timestamp":"2025-03-05T04:01:00.013Z"}
{"level":"info","message":"✅ Нет ожидающих платежей. Пропускаем проверку.","timestamp":"2025-03-05T04:01:00.015Z"}
{"level":"info","message":"🔄 Загружено 0 платежей из БД.","timestamp":"2025-03-05T04:01:55.748Z"}
{"level":"info","message":"⏳ Планировщик проверки платежей запущен (интервал: 1 мин).","timestamp":"2025-03-05T04:01:55.780Z"}
{"level":"info","message":"⚡️[server]: Server is running at http://localhost:3000","timestamp":"2025-03-05T04:01:55.801Z"}
{"level":"info","message":"🔄 Началась проверка незавершённых платежей...","timestamp":"2025-03-05T04:02:00.003Z"}
{"level":"info","message":"✅ Нет ожидающих платежей. Пропускаем проверку.","timestamp":"2025-03-05T04:02:00.004Z"}
{"level":"info","message":"🔄 Загружено 0 платежей из БД.","timestamp":"2025-03-05T04:09:42.161Z"}
{"level":"info","message":"⏳ Планировщик проверки платежей запущен (интервал: 1 мин).","timestamp":"2025-03-05T04:09:42.204Z"}
{"level":"info","message":"⚡️[server]: Server is running at http://localhost:3000","timestamp":"2025-03-05T04:09:42.221Z"}
{"level":"info","message":"🔄 Началась проверка незавершённых платежей...","timestamp":"2025-03-05T04:10:00.017Z"}
{"level":"info","message":"✅ Нет ожидающих платежей. Пропускаем проверку.","timestamp":"2025-03-05T04:10:00.019Z"}
{"level":"info","message":"🔄 Загружено 0 платежей из БД.","timestamp":"2025-03-05T04:10:09.995Z"}
{"level":"info","message":"⏳ Планировщик проверки платежей запущен (интервал: 1 мин).","timestamp":"2025-03-05T04:10:10.013Z"}
{"level":"info","message":"⚡️[server]: Server is running at http://localhost:3000","timestamp":"2025-03-05T04:10:10.037Z"}
{"level":"info","message":"🔄 Началась проверка незавершённых платежей...","timestamp":"2025-03-05T04:11:00.031Z"}
{"level":"info","message":"✅ Нет ожидающих платежей. Пропускаем проверку.","timestamp":"2025-03-05T04:11:00.045Z"}
{"level":"info","message":"🔄 Началась проверка незавершённых платежей...","timestamp":"2025-03-05T04:12:00.019Z"}
{"level":"info","message":"✅ Нет ожидающих платежей. Пропускаем проверку.","timestamp":"2025-03-05T04:12:00.024Z"}
{"level":"info","message":"🔄 Началась проверка незавершённых платежей...","timestamp":"2025-03-05T04:13:00.007Z"}
{"level":"info","message":"✅ Нет ожидающих платежей. Пропускаем проверку.","timestamp":"2025-03-05T04:13:00.010Z"}
{"level":"info","message":"🔄 Началась проверка незавершённых платежей...","timestamp":"2025-03-05T04:14:00.006Z"}
{"level":"info","message":"✅ Нет ожидающих платежей. Пропускаем проверку.","timestamp":"2025-03-05T04:14:00.014Z"}
{"birthDate":"07-03-2025","childName":"Беляев Максим Олегович","email":"olga1991@mail.ru","level":"info","message":"🚀 Получен запрос на создание платежа","parentName":"Беляева Ольга Дмитриевна","phone":"+7 (900) 000-00-00","productId":"663346397952","snils":"345-345-454 54","timestamp":"2025-03-05T04:14:25.593Z"}
{"level":"info","message":"🔍 Запрос к Tilda API для получения данных товара 663346397952","timestamp":"2025-03-05T04:14:25.595Z"}
{"characteristics":[{"title":"dol_sol","value":"Услуги по отдыху и оздоровлению в ДООЦ \"Город детства\""},{"title":"price","value":"1215.00"},{"title":"quantity","value":"7"},{"title":"truCode","value":"559019000.020000001"}],"descr":"Детский оздоровительный лагерь 7 дней С использованием сертификата на отдых и оздоровление детей","editions":[{"img":"https://static.tildacdn.com/tild3732-3165-4033-a665-343963386336/2.png","price":"8505.0000","priceold":"","quantity":"","sku":"","uid":663346397952}],"externalid":"ljaeAZYDaiLOdpVfITC3","gallery":"[{\"img\":\"https:\\/\\/static.tildacdn.com\\/tild3732-3165-4033-a665-343963386336\\/2.png\"}]","json_chars":"[{\"title\": \"dol_sol\", \"value\": \"Услуги по отдыху и оздоровлению в ДООЦ \\\"Город детства\\\"\"}, {\"title\": \"price\", \"value\": \"1215.00\"}, {\"title\": \"quantity\", \"value\": \"7\"}, {\"title\": \"truCode\", \"value\": \"559019000.020000001\"}]","level":"info","mark":"СЕРТИФИКАТ","message":"📦 Данные товара получены:","newsort":0,"pack_label":"lwh","pack_m":0,"pack_x":0,"pack_y":0,"pack_z":0,"parentuid":"","portion":0,"price":"8505.0000","rootpartid":20567890,"sort":1005610,"timestamp":"2025-03-05T04:14:26.714Z","title":"Оплата путёвки на смену с 15 марта 2025 по 21 марта 2025 в ДООЦ «Город детства»","uid":663346397952}
{"description":"Детский оздоровительный лагерь 7 дней С использованием сертификата на отдых и оздоровление детей","level":"info","message":"✅ Характеристики товара:","price":8505,"timestamp":"2025-03-05T04:14:26.714Z","title":"Оплата путёвки на смену с 15 марта 2025 по 21 марта 2025 в ДООЦ «Город детства»"}
{"level":"info","message":"📤 Отправка запроса на оплату в YooKassa...","paymentData":{"amount":{"currency":"RUB","value":8505},"capture":true,"confirmation":{"return_url":"https://xn---56-6cdjehbj0gaxsnb.xn--p1ai/oplata-sertificatom","type":"redirect"},"description":"Оплата путёвки на смену с 15 марта 2025 по 21 марта 2025 в ДООЦ «Город детства»","metadata":{"productId":"663346397952","uniqueId":"d593e14e-749b-4f49-928b-42717e15ddd5"}},"timestamp":"2025-03-05T04:14:26.715Z"}
{"level":"info","message":"✅ Платёж успешно создан, ссылка на оплату: https://yoomoney.ru/checkout/payments/v2/contract?orderId=2f59e364-000f-5000-8000-1106f064ac9f","timestamp":"2025-03-05T04:14:28.235Z"}
{"level":"info","message":"✅ Платёж 2f59e364-000f-5000-8000-1106f064ac9f добавлен в очередь и сохранён в БД.","timestamp":"2025-03-05T04:14:28.243Z"}
{"level":"info","message":"✅ Платёж 2f59e364-000f-5000-8000-1106f064ac9f добавлен в очередь на проверку","timestamp":"2025-03-05T04:14:28.244Z"}
{"level":"info","message":"🔄 Началась проверка незавершённых платежей...","timestamp":"2025-03-05T04:15:00.009Z"}
{"level":"info","message":"🔍 Найдено 1 платежей на проверку.","timestamp":"2025-03-05T04:15:00.011Z"}
{"level":"info","message":"💰 Платёж 2f59e364-000f-5000-8000-1106f064ac9f подтверждён. Записываем в Google Sheets...","timestamp":"2025-03-05T04:15:01.585Z"}
{"level":"info","message":"✅ Платёж 2f59e364-000f-5000-8000-1106f064ac9f удалён из очереди и БД.","timestamp":"2025-03-05T04:15:05.921Z"}
{"level":"info","message":"✅ Платёж 2f59e364-000f-5000-8000-1106f064ac9f успешно записан и удалён.","timestamp":"2025-03-05T04:15:05.922Z"}
{"level":"info","message":"✅ Проверка платежей завершена.","timestamp":"2025-03-05T04:15:05.922Z"}
{"level":"info","message":"🔄 Началась проверка незавершённых платежей...","timestamp":"2025-03-05T04:16:00.023Z"}
{"level":"info","message":"✅ Нет ожидающих платежей. Пропускаем проверку.","timestamp":"2025-03-05T04:16:00.024Z"}
{"level":"info","message":"🔄 Началась проверка незавершённых платежей...","timestamp":"2025-03-05T04:17:00.012Z"}
{"level":"info","message":"✅ Нет ожидающих платежей. Пропускаем проверку.","timestamp":"2025-03-05T04:17:00.014Z"}
{"level":"info","message":"🔄 Началась проверка незавершённых платежей...","timestamp":"2025-03-05T04:18:00.013Z"}
{"level":"info","message":"✅ Нет ожидающих платежей. Пропускаем проверку.","timestamp":"2025-03-05T04:18:00.017Z"}
{"birthDate":"28-02-2025","childName":"Беляев Максим Олегович","email":"olga1991@mail.ru","level":"info","message":"🚀 Получен запрос на создание платежа","parentName":"Беляева Ольга Дмитриевна","phone":"+7 (900) 000-00-00","productId":"663346397952","snils":"345-345-454 54","timestamp":"2025-03-05T04:18:43.491Z"}
{"level":"info","message":"🔍 Запрос к Tilda API для получения данных товара 663346397952","timestamp":"2025-03-05T04:18:43.493Z"}
{"characteristics":[{"title":"dol_sol","value":"Услуги по отдыху и оздоровлению в ДООЦ \"Город детства\""},{"title":"price","value":"1215.00"},{"title":"quantity","value":"7"},{"title":"truCode","value":"559019000.020000001"}],"descr":"Детский оздоровительный лагерь 7 дней С использованием сертификата на отдых и оздоровление детей","editions":[{"img":"https://static.tildacdn.com/tild3732-3165-4033-a665-343963386336/2.png","price":"8505.0000","priceold":"","quantity":"","sku":"","uid":663346397952}],"externalid":"ljaeAZYDaiLOdpVfITC3","gallery":"[{\"img\":\"https:\\/\\/static.tildacdn.com\\/tild3732-3165-4033-a665-343963386336\\/2.png\"}]","json_chars":"[{\"title\": \"dol_sol\", \"value\": \"Услуги по отдыху и оздоровлению в ДООЦ \\\"Город детства\\\"\"}, {\"title\": \"price\", \"value\": \"1215.00\"}, {\"title\": \"quantity\", \"value\": \"7\"}, {\"title\": \"truCode\", \"value\": \"559019000.020000001\"}]","level":"info","mark":"СЕРТИФИКАТ","message":"📦 Данные товара получены:","newsort":0,"pack_label":"lwh","pack_m":0,"pack_x":0,"pack_y":0,"pack_z":0,"parentuid":"","portion":0,"price":"8505.0000","rootpartid":20567890,"sort":1005610,"timestamp":"2025-03-05T04:18:44.569Z","title":"Оплата путёвки на смену с 15 марта 2025 по 21 марта 2025 в ДООЦ «Город детства»","uid":663346397952}
{"description":"Детский оздоровительный лагерь 7 дней С использованием сертификата на отдых и оздоровление детей","level":"info","message":"✅ Характеристики товара:","price":8505,"timestamp":"2025-03-05T04:18:44.570Z","title":"Оплата путёвки на смену с 15 марта 2025 по 21 марта 2025 в ДООЦ «Город детства»"}
{"level":"info","message":"📤 Отправка запроса на оплату в YooKassa...","paymentData":{"amount":{"currency":"RUB","value":8505},"capture":true,"confirmation":{"return_url":"https://xn---56-6cdjehbj0gaxsnb.xn--p1ai/oplata-sertificatom","type":"redirect"},"description":"Оплата путёвки на смену с 15 марта 2025 по 21 марта 2025 в ДООЦ «Город детства»","metadata":{"productId":"663346397952","uniqueId":"d0e8b5bd-eeae-4e75-a1ec-aab46b2069cb"}},"timestamp":"2025-03-05T04:18:44.571Z"}
{"level":"info","message":"✅ Платёж успешно создан, ссылка на оплату: https://yoomoney.ru/checkout/payments/v2/contract?orderId=2f59e466-000f-5000-b000-14dee217b88b","timestamp":"2025-03-05T04:18:46.163Z"}
{"level":"info","message":"✅ Платёж 2f59e466-000f-5000-b000-14dee217b88b добавлен в очередь и сохранён в БД.","timestamp":"2025-03-05T04:18:46.174Z"}
{"level":"info","message":"✅ Платёж 2f59e466-000f-5000-b000-14dee217b88b добавлен в очередь на проверку","timestamp":"2025-03-05T04:18:46.175Z"}
{"level":"info","message":"🔄 Началась проверка незавершённых платежей...","timestamp":"2025-03-05T04:19:00.024Z"}
{"level":"info","message":"🔍 Найдено 1 платежей на проверку.","timestamp":"2025-03-05T04:19:00.025Z"}
{"level":"info","message":"💰 Платёж 2f59e466-000f-5000-b000-14dee217b88b подтверждён. Записываем в Google Sheets...","timestamp":"2025-03-05T04:19:01.498Z"}
{"level":"info","message":"✅ Платёж 2f59e466-000f-5000-b000-14dee217b88b удалён из очереди и БД.","timestamp":"2025-03-05T04:19:04.914Z"}
{"level":"info","message":"✅ Платёж 2f59e466-000f-5000-b000-14dee217b88b успешно записан и удалён.","timestamp":"2025-03-05T04:19:04.915Z"}
{"level":"info","message":"✅ Проверка платежей завершена.","timestamp":"2025-03-05T04:19:04.915Z"}
{"level":"info","message":"🔄 Загружено 0 платежей из БД.","timestamp":"2025-03-05T04:19:50.401Z"}
{"level":"info","message":"⏳ Планировщик проверки платежей запущен (интервал: 1 мин).","timestamp":"2025-03-05T04:19:50.455Z"}
{"level":"info","message":"⚡️[server]: Server is running at http://localhost:3000","timestamp":"2025-03-05T04:19:50.473Z"}
{"level":"info","message":"🔄 Началась проверка незавершённых платежей...","timestamp":"2025-03-05T04:20:00.018Z"}
{"level":"info","message":"✅ Нет ожидающих платежей. Пропускаем проверку.","timestamp":"2025-03-05T04:20:00.020Z"}
{"birthDate":"28-02-2025","childName":"Беляев Максим Олегович","email":"olga1991@mail.ru","level":"info","message":"🚀 Получен запрос на создание платежа","parentName":"Беляева Ольга Дмитриевна","phone":"+7 (900) 000-00-00","productId":"663346397952","snils":"345-345-454 54","timestamp":"2025-03-05T04:20:18.576Z"}
{"level":"info","message":"🔍 Запрос к Tilda API для получения данных товара 663346397952","timestamp":"2025-03-05T04:20:18.577Z"}
{"characteristics":[{"title":"dol_sol","value":"Услуги по отдыху и оздоровлению в ДООЦ \"Город детства\""},{"title":"price","value":"1215.00"},{"title":"quantity","value":"7"},{"title":"truCode","value":"559019000.020000001"}],"descr":"Детский оздоровительный лагерь 7 дней С использованием сертификата на отдых и оздоровление детей","editions":[{"img":"https://static.tildacdn.com/tild3732-3165-4033-a665-343963386336/2.png","price":"8505.0000","priceold":"","quantity":"","sku":"","uid":663346397952}],"externalid":"ljaeAZYDaiLOdpVfITC3","gallery":"[{\"img\":\"https:\\/\\/static.tildacdn.com\\/tild3732-3165-4033-a665-343963386336\\/2.png\"}]","json_chars":"[{\"title\": \"dol_sol\", \"value\": \"Услуги по отдыху и оздоровлению в ДООЦ \\\"Город детства\\\"\"}, {\"title\": \"price\", \"value\": \"1215.00\"}, {\"title\": \"quantity\", \"value\": \"7\"}, {\"title\": \"truCode\", \"value\": \"559019000.020000001\"}]","level":"info","mark":"СЕРТИФИКАТ","message":"📦 Данные товара получены:","newsort":0,"pack_label":"lwh","pack_m":0,"pack_x":0,"pack_y":0,"pack_z":0,"parentuid":"","portion":0,"price":"8505.0000","rootpartid":20567890,"sort":1005610,"timestamp":"2025-03-05T04:20:19.681Z","title":"Оплата путёвки на смену с 15 марта 2025 по 21 марта 2025 в ДООЦ «Город детства»","uid":663346397952}
{"description":"Детский оздоровительный лагерь 7 дней С использованием сертификата на отдых и оздоровление детей","level":"info","message":"✅ Характеристики товара:","price":8505,"timestamp":"2025-03-05T04:20:19.682Z","title":"Оплата путёвки на смену с 15 марта 2025 по 21 марта 2025 в ДООЦ «Город детства»"}
{"level":"info","message":"📤 Отправка запроса на оплату в YooKassa...","paymentData":{"amount":{"currency":"RUB","value":8505},"capture":true,"confirmation":{"return_url":"https://xn---56-6cdjehbj0gaxsnb.xn--p1ai/oplata-sertificatom","type":"redirect"},"description":"Оплата путёвки на смену с 15 марта 2025 по 21 марта 2025 в ДООЦ «Город детства»","metadata":{"productId":"663346397952","uniqueId":"aef04036-71d8-451d-a9e8-76bb1ce22ed5"}},"timestamp":"2025-03-05T04:20:19.684Z"}
{"level":"info","message":"✅ Платёж успешно создан, ссылка на оплату: https://yoomoney.ru/checkout/payments/v2/contract?orderId=2f59e4c5-000f-5000-9000-163d9044a497","timestamp":"2025-03-05T04:20:21.207Z"}
{"level":"info","message":"✅ Платёж 2f59e4c5-000f-5000-9000-163d9044a497 добавлен в очередь и сохранён в БД.","timestamp":"2025-03-05T04:20:21.214Z"}
{"level":"info","message":"✅ Платёж 2f59e4c5-000f-5000-9000-163d9044a497 добавлен в очередь на проверку","timestamp":"2025-03-05T04:20:21.214Z"}
{"level":"info","message":"🔄 Началась проверка незавершённых платежей...","timestamp":"2025-03-05T04:21:00.025Z"}
{"level":"info","message":"🔍 Найдено 1 платежей на проверку.","timestamp":"2025-03-05T04:21:00.026Z"}
{"level":"info","message":"💰 Платёж 2f59e4c5-000f-5000-9000-163d9044a497 подтверждён. Записываем в Google Sheets...","timestamp":"2025-03-05T04:21:01.757Z"}
{"level":"info","message":"✅ Платёж 2f59e4c5-000f-5000-9000-163d9044a497 удалён из очереди и БД.","timestamp":"2025-03-05T04:21:05.645Z"}
{"level":"info","message":"✅ Платёж 2f59e4c5-000f-5000-9000-163d9044a497 успешно записан и удалён.","timestamp":"2025-03-05T04:21:05.646Z"}
{"level":"info","message":"✅ Проверка платежей завершена.","timestamp":"2025-03-05T04:21:05.646Z"}
{"level":"info","message":"🔄 Началась проверка незавершённых платежей...","timestamp":"2025-03-05T04:22:00.017Z"}
{"level":"info","message":"✅ Нет ожидающих платежей. Пропускаем проверку.","timestamp":"2025-03-05T04:22:00.018Z"}
